<?xml version="1.0" encoding="UTF-8"?>
<!-- Generated by org.testng.reporters.JUnitXMLReporter -->
<testsuite ignored="7" hostname="DESKTOP-B82C6IT" failures="0" tests="10" name="Default test" time="27.004" errors="0" timestamp="2025-05-04T02:04:30 EET">
  <testcase classname="AutomationFinalProject.AutomationFinalProject.AppTest" name="ChangeTheWebsiteLanaguage" time="1.536"/>
  <testcase classname="AutomationFinalProject.AutomationFinalProject.AppTest" name="ChangeTheWebsiteLanaguage" time="3.297"/>
  <testcase classname="AutomationFinalProject.AutomationFinalProject.AppTest" name="ChangeTheWebsiteLanaguage" time="2.168"/>
  <testcase classname="AutomationFinalProject.AutomationFinalProject.AppTest" name="ChangeTheWebsiteLanaguage" time="1.011"/>
  <testcase classname="AutomationFinalProject.AutomationFinalProject.AppTest" name="ChangeTheWebsiteLanaguage" time="1.247"/>
  <testcase classname="AutomationFinalProject.AutomationFinalProject.AppTest" name="ChangeTheWebsiteLanaguage" time="2.723"/>
  <testcase classname="AutomationFinalProject.AutomationFinalProject.AppTest" name="ChangeTheWebsiteLanaguage" time="2.343"/>
  <testcase classname="AutomationFinalProject.AutomationFinalProject.AppTest" name="ChangeTheWebsiteLanaguage" time="2.396"/>
  <testcase classname="AutomationFinalProject.AutomationFinalProject.AppTest" name="ChangeTheWebsiteLanaguage" time="2.218"/>
  <testcase classname="AutomationFinalProject.AutomationFinalProject.AppTest" name="ChangeTheWebsiteLanaguage" time="0.97"/>
  <testcase classname="AutomationFinalProject.AutomationFinalProject.AppTest" name="CheckQitafLogo" time="0.0">
    <ignored/>
  </testcase> <!-- CheckQitafLogo -->
  <testcase classname="AutomationFinalProject.AutomationFinalProject.AppTest" name="FlightDepatureDate" time="0.0">
    <ignored/>
  </testcase> <!-- FlightDepatureDate -->
  <testcase classname="AutomationFinalProject.AutomationFinalProject.AppTest" name="FlightReturnDate" time="0.0">
    <ignored/>
  </testcase> <!-- FlightReturnDate -->
  <testcase classname="AutomationFinalProject.AutomationFinalProject.AppTest" name="CheckHotelTabNotSelected" time="0.0">
    <ignored/>
  </testcase> <!-- CheckHotelTabNotSelected -->
  <testcase classname="AutomationFinalProject.AutomationFinalProject.AppTest" name="CheckContactNumber" time="0.0">
    <ignored/>
  </testcase> <!-- CheckContactNumber -->
  <testcase classname="AutomationFinalProject.AutomationFinalProject.AppTest" name="CheckWebSiteLanaguage" time="0.0">
    <ignored/>
  </testcase> <!-- CheckWebSiteLanaguage -->
  <testcase classname="AutomationFinalProject.AutomationFinalProject.AppTest" name="CheckCurrency" time="0.0">
    <ignored/>
  </testcase> <!-- CheckCurrency -->
</testsuite> <!-- Default test -->
