<?xml version="1.0" encoding="UTF-8"?>
<testng-results ignored="7" total="17" passed="10" failed="0" skipped="0">
  <reporter-output>
  </reporter-output>
  <suite started-at="2025-05-04T02:04:03 EET" name="Default suite" finished-at="2025-05-04T02:04:30 EET" duration-ms="27004">
    <groups>
    </groups>
    <test started-at="2025-05-04T02:04:03 EET" name="Default test" finished-at="2025-05-04T02:04:30 EET" duration-ms="27004">
      <class name="AutomationFinalProject.AutomationFinalProject.AppTest">
        <test-method is-config="true" signature="mySetup()[pri:0, instance:AutomationFinalProject.AutomationFinalProject.AppTest@5e8ac0e1]" started-at="2025-05-04T02:04:03 EET" name="mySetup" finished-at="2025-05-04T02:04:10 EET" duration-ms="6905" status="PASS">
          <reporter-output>
          </reporter-output>
        </test-method> <!-- mySetup -->
        <test-method signature="ChangeTheWebsiteLanaguage()[pri:8, instance:AutomationFinalProject.AutomationFinalProject.AppTest@5e8ac0e1]" started-at="2025-05-04T02:04:10 EET" name="ChangeTheWebsiteLanaguage" finished-at="2025-05-04T02:04:12 EET" duration-ms="1536" status="PASS">
          <reporter-output>
          </reporter-output>
        </test-method> <!-- ChangeTheWebsiteLanaguage -->
        <test-method signature="ChangeTheWebsiteLanaguage()[pri:8, instance:AutomationFinalProject.AutomationFinalProject.AppTest@5e8ac0e1]" started-at="2025-05-04T02:04:12 EET" name="ChangeTheWebsiteLanaguage" finished-at="2025-05-04T02:04:15 EET" duration-ms="3297" status="PASS">
          <reporter-output>
          </reporter-output>
        </test-method> <!-- ChangeTheWebsiteLanaguage -->
        <test-method signature="ChangeTheWebsiteLanaguage()[pri:8, instance:AutomationFinalProject.AutomationFinalProject.AppTest@5e8ac0e1]" started-at="2025-05-04T02:04:15 EET" name="ChangeTheWebsiteLanaguage" finished-at="2025-05-04T02:04:17 EET" duration-ms="2168" status="PASS">
          <reporter-output>
          </reporter-output>
        </test-method> <!-- ChangeTheWebsiteLanaguage -->
        <test-method signature="ChangeTheWebsiteLanaguage()[pri:8, instance:AutomationFinalProject.AutomationFinalProject.AppTest@5e8ac0e1]" started-at="2025-05-04T02:04:17 EET" name="ChangeTheWebsiteLanaguage" finished-at="2025-05-04T02:04:18 EET" duration-ms="1011" status="PASS">
          <reporter-output>
          </reporter-output>
        </test-method> <!-- ChangeTheWebsiteLanaguage -->
        <test-method signature="ChangeTheWebsiteLanaguage()[pri:8, instance:AutomationFinalProject.AutomationFinalProject.AppTest@5e8ac0e1]" started-at="2025-05-04T02:04:18 EET" name="ChangeTheWebsiteLanaguage" finished-at="2025-05-04T02:04:19 EET" duration-ms="1247" status="PASS">
          <reporter-output>
          </reporter-output>
        </test-method> <!-- ChangeTheWebsiteLanaguage -->
        <test-method signature="ChangeTheWebsiteLanaguage()[pri:8, instance:AutomationFinalProject.AutomationFinalProject.AppTest@5e8ac0e1]" started-at="2025-05-04T02:04:19 EET" name="ChangeTheWebsiteLanaguage" finished-at="2025-05-04T02:04:22 EET" duration-ms="2723" status="PASS">
          <reporter-output>
          </reporter-output>
        </test-method> <!-- ChangeTheWebsiteLanaguage -->
        <test-method signature="ChangeTheWebsiteLanaguage()[pri:8, instance:AutomationFinalProject.AutomationFinalProject.AppTest@5e8ac0e1]" started-at="2025-05-04T02:04:22 EET" name="ChangeTheWebsiteLanaguage" finished-at="2025-05-04T02:04:25 EET" duration-ms="2343" status="PASS">
          <reporter-output>
          </reporter-output>
        </test-method> <!-- ChangeTheWebsiteLanaguage -->
        <test-method signature="ChangeTheWebsiteLanaguage()[pri:8, instance:AutomationFinalProject.AutomationFinalProject.AppTest@5e8ac0e1]" started-at="2025-05-04T02:04:25 EET" name="ChangeTheWebsiteLanaguage" finished-at="2025-05-04T02:04:27 EET" duration-ms="2396" status="PASS">
          <reporter-output>
          </reporter-output>
        </test-method> <!-- ChangeTheWebsiteLanaguage -->
        <test-method signature="ChangeTheWebsiteLanaguage()[pri:8, instance:AutomationFinalProject.AutomationFinalProject.AppTest@5e8ac0e1]" started-at="2025-05-04T02:04:27 EET" name="ChangeTheWebsiteLanaguage" finished-at="2025-05-04T02:04:29 EET" duration-ms="2218" status="PASS">
          <reporter-output>
          </reporter-output>
        </test-method> <!-- ChangeTheWebsiteLanaguage -->
        <test-method signature="ChangeTheWebsiteLanaguage()[pri:8, instance:AutomationFinalProject.AutomationFinalProject.AppTest@5e8ac0e1]" started-at="2025-05-04T02:04:29 EET" name="ChangeTheWebsiteLanaguage" finished-at="2025-05-04T02:04:30 EET" duration-ms="970" status="PASS">
          <reporter-output>
          </reporter-output>
        </test-method> <!-- ChangeTheWebsiteLanaguage -->
        <test-method is-config="true" signature="AfterMyTest()[pri:0, instance:AutomationFinalProject.AutomationFinalProject.AppTest@5e8ac0e1]" started-at="2025-05-04T02:04:30 EET" name="AfterMyTest" finished-at="2025-05-04T02:04:30 EET" duration-ms="1" status="PASS">
          <reporter-output>
          </reporter-output>
        </test-method> <!-- AfterMyTest -->
      </class> <!-- AutomationFinalProject.AutomationFinalProject.AppTest -->
    </test> <!-- Default test -->
  </suite> <!-- Default suite -->
</testng-results>
